0 verbose cli /usr/bin/node /usr/bin/npm
1 info using npm@9.2.0
2 info using node@v18.19.1
3 timing npm:load:whichnode Completed in 0ms
4 timing config:load:defaults Completed in 3ms
5 timing config:load:file:/usr/share/nodejs/npm/npmrc Completed in 7ms
6 timing config:load:builtin Completed in 7ms
7 timing config:load:cli Completed in 4ms
8 timing config:load:env Completed in 2ms
9 timing config:load:file:/home/ubuntu/fashion-store-advanced/.npmrc Completed in 0ms
10 timing config:load:project Completed in 3ms
11 timing config:load:file:/home/ubuntu/.npmrc Completed in 2ms
12 timing config:load:user Completed in 2ms
13 timing config:load:file:/etc/npmrc Completed in 0ms
14 timing config:load:global Completed in 0ms
15 timing config:load:setEnvs Completed in 3ms
16 timing config:load Completed in 24ms
17 timing npm:load:configload Completed in 24ms
18 timing npm:load:mkdirpcache Completed in 4ms
19 timing npm:load:mkdirplogs Completed in 3ms
20 verbose title npm install express
21 verbose argv "install" "express"
22 timing npm:load:setTitle Completed in 3ms
23 timing config:load:flatten Completed in 10ms
24 timing npm:load:display Completed in 12ms
25 verbose logfile logs-max:10 dir:/home/ubuntu/.npm/_logs/2025-06-13T12_43_33_124Z-
26 verbose logfile /home/ubuntu/.npm/_logs/2025-06-13T12_43_33_124Z-debug-0.log
27 timing npm:load:logFile Completed in 13ms
28 timing npm:load:timers Completed in 0ms
29 timing npm:load:configScope Completed in 0ms
30 timing npm:load Completed in 60ms
31 silly logfile done cleaning log files
32 timing config:load:flatten Completed in 0ms
33 timing arborist:ctor Completed in 1ms
34 timing arborist:ctor Completed in 0ms
35 timing idealTree:init Completed in 35ms
36 timing idealTree:userRequests Completed in 9ms
37 silly idealTree buildDeps
38 silly fetch manifest express@*
39 http fetch GET 200 https://registry.npmjs.org/express 221ms (cache miss)
40 silly placeDep ROOT express@5.1.0 OK for:  want: *
41 silly fetch manifest qs@^6.14.0
42 silly fetch manifest etag@^1.8.1
43 silly fetch manifest once@^1.4.0
44 silly fetch manifest send@^1.1.0
45 silly fetch manifest vary@^1.1.2
46 silly fetch manifest debug@^4.4.0
47 silly fetch manifest fresh@^2.0.0
48 silly fetch manifest cookie@^0.7.1
49 silly fetch manifest router@^2.2.0
50 silly fetch manifest accepts@^2.0.0
51 silly fetch manifest type-is@^2.0.1
52 silly fetch manifest parseurl@^1.3.3
53 silly fetch manifest statuses@^2.0.1
54 silly fetch manifest encodeurl@^2.0.0
55 silly fetch manifest mime-types@^3.0.0
56 silly fetch manifest proxy-addr@^2.0.7
57 silly fetch manifest body-parser@^2.2.0
58 silly fetch manifest escape-html@^1.0.3
59 silly fetch manifest http-errors@^2.0.0
60 silly fetch manifest on-finished@^2.4.1
61 silly fetch manifest content-type@^1.0.5
62 silly fetch manifest finalhandler@^2.1.0
63 silly fetch manifest range-parser@^1.2.1
64 silly fetch manifest serve-static@^2.2.0
65 silly fetch manifest cookie-signature@^1.2.1
66 silly fetch manifest merge-descriptors@^2.0.0
67 silly fetch manifest content-disposition@^1.0.0
68 http fetch GET 200 https://registry.npmjs.org/proxy-addr 371ms (cache miss)
69 http fetch GET 200 https://registry.npmjs.org/once 390ms (cache miss)
70 http fetch GET 200 https://registry.npmjs.org/escape-html 380ms (cache miss)
71 http fetch GET 200 https://registry.npmjs.org/fresh 393ms (cache miss)
72 http fetch GET 200 https://registry.npmjs.org/etag 402ms (cache miss)
73 http fetch GET 200 https://registry.npmjs.org/content-type 385ms (cache miss)
74 http fetch GET 200 https://registry.npmjs.org/encodeurl 393ms (cache miss)
75 http fetch GET 200 https://registry.npmjs.org/vary 402ms (cache miss)
76 http fetch GET 200 https://registry.npmjs.org/on-finished 394ms (cache miss)
77 http fetch GET 200 https://registry.npmjs.org/parseurl 403ms (cache miss)
78 http fetch GET 200 https://registry.npmjs.org/merge-descriptors 390ms (cache miss)
79 http fetch GET 200 https://registry.npmjs.org/statuses 406ms (cache miss)
80 http fetch GET 200 https://registry.npmjs.org/content-disposition 395ms (cache miss)
81 http fetch GET 200 https://registry.npmjs.org/range-parser 403ms (cache miss)
82 http fetch GET 200 https://registry.npmjs.org/cookie-signature 403ms (cache miss)
83 http fetch GET 200 https://registry.npmjs.org/cookie 418ms (cache miss)
84 http fetch GET 200 https://registry.npmjs.org/qs 430ms (cache miss)
85 http fetch GET 200 https://registry.npmjs.org/accepts 425ms (cache miss)
86 http fetch GET 200 https://registry.npmjs.org/type-is 426ms (cache miss)
87 http fetch GET 200 https://registry.npmjs.org/http-errors 425ms (cache miss)
88 http fetch GET 200 https://registry.npmjs.org/finalhandler 420ms (cache miss)
89 http fetch GET 200 https://registry.npmjs.org/body-parser 430ms (cache miss)
90 http fetch GET 200 https://registry.npmjs.org/send 441ms (cache miss)
91 http fetch GET 200 https://registry.npmjs.org/serve-static 430ms (cache miss)
92 http fetch GET 200 https://registry.npmjs.org/router 444ms (cache miss)
93 http fetch GET 200 https://registry.npmjs.org/mime-types 445ms (cache miss)
94 http fetch GET 200 https://registry.npmjs.org/debug 455ms (cache miss)
95 timing idealTree:#root Completed in 714ms
96 silly placeDep ROOT accepts@2.0.0 OK for: express@5.1.0 want: ^2.0.0
97 silly placeDep ROOT body-parser@2.2.0 OK for: express@5.1.0 want: ^2.2.0
98 silly placeDep ROOT content-disposition@1.0.0 OK for: express@5.1.0 want: ^1.0.0
99 silly placeDep ROOT content-type@1.0.5 OK for: express@5.1.0 want: ^1.0.5
100 silly placeDep ROOT cookie@0.7.2 OK for: express@5.1.0 want: ^0.7.1
101 silly placeDep ROOT cookie-signature@1.2.2 OK for: express@5.1.0 want: ^1.2.1
102 silly placeDep ROOT debug@4.4.1 OK for: express@5.1.0 want: ^4.4.0
103 silly placeDep ROOT encodeurl@2.0.0 OK for: express@5.1.0 want: ^2.0.0
104 silly placeDep ROOT escape-html@1.0.3 OK for: express@5.1.0 want: ^1.0.3
105 silly placeDep ROOT etag@1.8.1 OK for: express@5.1.0 want: ^1.8.1
106 silly placeDep ROOT finalhandler@2.1.0 OK for: express@5.1.0 want: ^2.1.0
107 silly placeDep ROOT fresh@2.0.0 OK for: express@5.1.0 want: ^2.0.0
108 silly placeDep ROOT http-errors@2.0.0 OK for: express@5.1.0 want: ^2.0.0
109 silly placeDep ROOT merge-descriptors@2.0.0 OK for: express@5.1.0 want: ^2.0.0
110 silly placeDep ROOT mime-types@3.0.1 OK for: express@5.1.0 want: ^3.0.0
111 silly placeDep ROOT on-finished@2.4.1 OK for: express@5.1.0 want: ^2.4.1
112 silly placeDep ROOT once@1.4.0 OK for: express@5.1.0 want: ^1.4.0
113 silly placeDep ROOT parseurl@1.3.3 OK for: express@5.1.0 want: ^1.3.3
114 silly placeDep ROOT proxy-addr@2.0.7 OK for: express@5.1.0 want: ^2.0.7
115 silly placeDep ROOT qs@6.14.0 OK for: express@5.1.0 want: ^6.14.0
116 silly placeDep ROOT range-parser@1.2.1 OK for: express@5.1.0 want: ^1.2.1
117 silly placeDep ROOT router@2.2.0 OK for: express@5.1.0 want: ^2.2.0
118 silly placeDep ROOT send@1.2.0 OK for: express@5.1.0 want: ^1.1.0
119 silly placeDep ROOT serve-static@2.2.0 OK for: express@5.1.0 want: ^2.2.0
120 silly placeDep ROOT statuses@2.0.2 OK for: express@5.1.0 want: ^2.0.1
121 silly placeDep ROOT type-is@2.0.1 OK for: express@5.1.0 want: ^2.0.1
122 silly placeDep ROOT vary@1.1.2 OK for: express@5.1.0 want: ^1.1.2
123 silly fetch manifest negotiator@^1.0.0
124 silly fetch manifest bytes@^3.1.2
125 silly fetch manifest iconv-lite@^0.6.3
126 silly fetch manifest raw-body@^3.0.0
127 silly fetch manifest safe-buffer@5.2.1
128 silly fetch manifest ms@^2.1.3
129 silly fetch manifest depd@2.0.0
130 silly fetch manifest inherits@2.0.4
131 silly fetch manifest statuses@2.0.1
132 silly fetch manifest toidentifier@1.0.1
133 silly fetch manifest setprototypeof@1.2.0
134 silly fetch manifest mime-db@^1.54.0
135 silly fetch manifest ee-first@1.1.1
136 silly fetch manifest wrappy@1
137 silly fetch manifest forwarded@0.2.0
138 silly fetch manifest ipaddr.js@1.9.1
139 silly fetch manifest side-channel@^1.1.0
140 silly fetch manifest depd@^2.0.0
141 silly fetch manifest is-promise@^4.0.0
142 silly fetch manifest path-to-regexp@^8.0.0
143 silly fetch manifest media-typer@^1.1.0
144 http fetch GET 200 https://registry.npmjs.org/wrappy 225ms (cache miss)
145 http fetch GET 200 https://registry.npmjs.org/ee-first 229ms (cache miss)
146 http fetch GET 200 https://registry.npmjs.org/toidentifier 242ms (cache miss)
147 http fetch GET 200 https://registry.npmjs.org/inherits 244ms (cache miss)
148 http fetch GET 200 https://registry.npmjs.org/depd 234ms (cache miss)
149 http fetch GET 200 https://registry.npmjs.org/setprototypeof 242ms (cache miss)
150 http fetch GET 200 https://registry.npmjs.org/forwarded 238ms (cache miss)
151 http fetch GET 200 https://registry.npmjs.org/safe-buffer 258ms (cache miss)
152 http fetch GET 200 https://registry.npmjs.org/depd 252ms (cache miss)
153 http fetch GET 200 https://registry.npmjs.org/bytes 263ms (cache miss)
154 http fetch GET 200 https://registry.npmjs.org/media-typer 235ms (cache miss)
155 http fetch GET 200 https://registry.npmjs.org/negotiator 266ms (cache miss)
156 http fetch GET 200 https://registry.npmjs.org/side-channel 247ms (cache miss)
157 http fetch GET 200 https://registry.npmjs.org/is-promise 245ms (cache miss)
158 http fetch GET 200 https://registry.npmjs.org/ms 267ms (cache miss)
159 http fetch GET 200 https://registry.npmjs.org/ipaddr.js 251ms (cache miss)
160 http fetch GET 200 https://registry.npmjs.org/path-to-regexp 250ms (cache miss)
161 http fetch GET 200 https://registry.npmjs.org/iconv-lite 278ms (cache miss)
162 http fetch GET 200 https://registry.npmjs.org/raw-body 278ms (cache miss)
163 http fetch GET 200 https://registry.npmjs.org/mime-db 268ms (cache miss)
164 timing idealTree:node_modules/express Completed in 392ms
165 silly placeDep ROOT negotiator@1.0.0 OK for: accepts@2.0.0 want: ^1.0.0
166 timing idealTree:node_modules/accepts Completed in 4ms
167 silly placeDep ROOT bytes@3.1.2 OK for: body-parser@2.2.0 want: ^3.1.2
168 silly placeDep ROOT iconv-lite@0.6.3 OK for: body-parser@2.2.0 want: ^0.6.3
169 silly placeDep ROOT raw-body@3.0.0 OK for: body-parser@2.2.0 want: ^3.0.0
170 silly fetch manifest safer-buffer@>= 2.1.2 < 3.0.0
171 silly fetch manifest unpipe@1.0.0
172 http fetch GET 200 https://registry.npmjs.org/unpipe 29ms (cache miss)
173 http fetch GET 200 https://registry.npmjs.org/safer-buffer 49ms (cache miss)
174 timing idealTree:node_modules/body-parser Completed in 62ms
175 timing idealTree:node_modules/bytes Completed in 0ms
176 silly placeDep ROOT safe-buffer@5.2.1 OK for: content-disposition@1.0.0 want: 5.2.1
177 timing idealTree:node_modules/content-disposition Completed in 3ms
178 timing idealTree:node_modules/content-type Completed in 0ms
179 timing idealTree:node_modules/cookie Completed in 0ms
180 timing idealTree:node_modules/cookie-signature Completed in 0ms
181 silly placeDep ROOT ms@2.1.3 OK for: debug@4.4.1 want: ^2.1.3
182 timing idealTree:node_modules/debug Completed in 4ms
183 timing idealTree:node_modules/encodeurl Completed in 0ms
184 timing idealTree:node_modules/escape-html Completed in 0ms
185 timing idealTree:node_modules/etag Completed in 0ms
186 timing idealTree:node_modules/finalhandler Completed in 0ms
187 timing idealTree:node_modules/fresh Completed in 0ms
188 silly placeDep ROOT depd@2.0.0 OK for: http-errors@2.0.0 want: 2.0.0
189 silly placeDep ROOT inherits@2.0.4 OK for: http-errors@2.0.0 want: 2.0.4
190 silly placeDep ROOT setprototypeof@1.2.0 OK for: http-errors@2.0.0 want: 1.2.0
191 silly placeDep node_modules/http-errors statuses@2.0.1 OK for: http-errors@2.0.0 want: 2.0.1
192 silly placeDep ROOT toidentifier@1.0.1 OK for: http-errors@2.0.0 want: 1.0.1
193 timing idealTree:node_modules/http-errors Completed in 9ms
194 timing idealTree:node_modules/depd Completed in 0ms
195 silly placeDep ROOT safer-buffer@2.1.2 OK for: iconv-lite@0.6.3 want: >= 2.1.2 < 3.0.0
196 timing idealTree:node_modules/iconv-lite Completed in 1ms
197 timing idealTree:node_modules/inherits Completed in 0ms
198 timing idealTree:node_modules/merge-descriptors Completed in 0ms
199 silly placeDep ROOT mime-db@1.54.0 OK for: mime-types@3.0.1 want: ^1.54.0
200 timing idealTree:node_modules/mime-types Completed in 2ms
201 timing idealTree:node_modules/mime-db Completed in 0ms
202 timing idealTree:node_modules/ms Completed in 0ms
203 timing idealTree:node_modules/negotiator Completed in 0ms
204 silly placeDep ROOT ee-first@1.1.1 OK for: on-finished@2.4.1 want: 1.1.1
205 timing idealTree:node_modules/on-finished Completed in 2ms
206 timing idealTree:node_modules/ee-first Completed in 0ms
207 silly placeDep ROOT wrappy@1.0.2 OK for: once@1.4.0 want: 1
208 timing idealTree:node_modules/once Completed in 1ms
209 timing idealTree:node_modules/parseurl Completed in 0ms
210 silly placeDep ROOT forwarded@0.2.0 OK for: proxy-addr@2.0.7 want: 0.2.0
211 silly placeDep ROOT ipaddr.js@1.9.1 OK for: proxy-addr@2.0.7 want: 1.9.1
212 timing idealTree:node_modules/proxy-addr Completed in 2ms
213 timing idealTree:node_modules/forwarded Completed in 0ms
214 timing idealTree:node_modules/ipaddr.js Completed in 0ms
215 silly placeDep ROOT side-channel@1.1.0 OK for: qs@6.14.0 want: ^1.1.0
216 silly fetch manifest es-errors@^1.3.0
217 silly fetch manifest object-inspect@^1.13.3
218 silly fetch manifest side-channel-list@^1.0.0
219 silly fetch manifest side-channel-map@^1.0.1
220 silly fetch manifest side-channel-weakmap@^1.0.2
221 http fetch GET 200 https://registry.npmjs.org/side-channel-list 61ms (cache miss)
222 http fetch GET 200 https://registry.npmjs.org/side-channel-map 63ms (cache miss)
223 http fetch GET 200 https://registry.npmjs.org/es-errors 71ms (cache miss)
224 http fetch GET 200 https://registry.npmjs.org/side-channel-weakmap 68ms (cache miss)
225 http fetch GET 200 https://registry.npmjs.org/object-inspect 117ms (cache miss)
226 timing idealTree:node_modules/qs Completed in 122ms
227 timing idealTree:node_modules/range-parser Completed in 0ms
228 silly placeDep ROOT unpipe@1.0.0 OK for: raw-body@3.0.0 want: 1.0.0
229 timing idealTree:node_modules/raw-body Completed in 3ms
230 silly placeDep ROOT is-promise@4.0.0 OK for: router@2.2.0 want: ^4.0.0
231 silly placeDep ROOT path-to-regexp@8.2.0 OK for: router@2.2.0 want: ^8.0.0
232 timing idealTree:node_modules/router Completed in 5ms
233 timing idealTree:node_modules/is-promise Completed in 0ms
234 timing idealTree:node_modules/path-to-regexp Completed in 0ms
235 timing idealTree:node_modules/safe-buffer Completed in 0ms
236 timing idealTree:node_modules/safer-buffer Completed in 0ms
237 timing idealTree:node_modules/send Completed in 0ms
238 timing idealTree:node_modules/serve-static Completed in 0ms
239 timing idealTree:node_modules/setprototypeof Completed in 0ms
240 silly placeDep ROOT es-errors@1.3.0 OK for: side-channel@1.1.0 want: ^1.3.0
241 silly placeDep ROOT object-inspect@1.13.4 OK for: side-channel@1.1.0 want: ^1.13.3
242 silly placeDep ROOT side-channel-list@1.0.0 OK for: side-channel@1.1.0 want: ^1.0.0
243 silly placeDep ROOT side-channel-map@1.0.1 OK for: side-channel@1.1.0 want: ^1.0.1
244 silly placeDep ROOT side-channel-weakmap@1.0.2 OK for: side-channel@1.1.0 want: ^1.0.2
245 silly fetch manifest call-bound@^1.0.2
246 silly fetch manifest get-intrinsic@^1.2.5
247 http fetch GET 200 https://registry.npmjs.org/call-bound 39ms (cache miss)
248 http fetch GET 200 https://registry.npmjs.org/get-intrinsic 42ms (cache miss)
249 timing idealTree:node_modules/side-channel Completed in 55ms
250 timing idealTree:node_modules/es-errors Completed in 0ms
251 timing idealTree:node_modules/object-inspect Completed in 0ms
252 timing idealTree:node_modules/side-channel-list Completed in 1ms
253 silly placeDep ROOT call-bound@1.0.4 OK for: side-channel-map@1.0.1 want: ^1.0.2
254 silly placeDep ROOT get-intrinsic@1.3.0 OK for: side-channel-map@1.0.1 want: ^1.2.5
255 silly fetch manifest call-bind-apply-helpers@^1.0.2
256 silly fetch manifest es-define-property@^1.0.1
257 silly fetch manifest es-object-atoms@^1.1.1
258 silly fetch manifest function-bind@^1.1.2
259 silly fetch manifest get-proto@^1.0.1
260 silly fetch manifest gopd@^1.2.0
261 silly fetch manifest has-symbols@^1.1.0
262 silly fetch manifest hasown@^2.0.2
263 silly fetch manifest math-intrinsics@^1.1.0
264 http fetch GET 200 https://registry.npmjs.org/call-bind-apply-helpers 92ms (cache miss)
265 http fetch GET 200 https://registry.npmjs.org/es-define-property 100ms (cache miss)
266 http fetch GET 200 https://registry.npmjs.org/gopd 97ms (cache miss)
267 http fetch GET 200 https://registry.npmjs.org/math-intrinsics 97ms (cache miss)
268 http fetch GET 200 https://registry.npmjs.org/es-object-atoms 102ms (cache miss)
269 http fetch GET 200 https://registry.npmjs.org/get-proto 104ms (cache miss)
270 http fetch GET 200 https://registry.npmjs.org/hasown 101ms (cache miss)
271 http fetch GET 200 https://registry.npmjs.org/function-bind 105ms (cache miss)
272 http fetch GET 200 https://registry.npmjs.org/has-symbols 105ms (cache miss)
273 timing idealTree:node_modules/side-channel-map Completed in 118ms
274 silly placeDep ROOT call-bind-apply-helpers@1.0.2 OK for: call-bound@1.0.4 want: ^1.0.2
275 timing idealTree:node_modules/call-bound Completed in 6ms
276 silly placeDep ROOT function-bind@1.1.2 OK for: call-bind-apply-helpers@1.0.2 want: ^1.1.2
277 timing idealTree:node_modules/call-bind-apply-helpers Completed in 4ms
278 timing idealTree:node_modules/function-bind Completed in 0ms
279 silly placeDep ROOT es-define-property@1.0.1 OK for: get-intrinsic@1.3.0 want: ^1.0.1
280 silly placeDep ROOT es-object-atoms@1.1.1 OK for: get-intrinsic@1.3.0 want: ^1.1.1
281 silly placeDep ROOT get-proto@1.0.1 OK for: get-intrinsic@1.3.0 want: ^1.0.1
282 silly placeDep ROOT gopd@1.2.0 OK for: get-intrinsic@1.3.0 want: ^1.2.0
283 silly placeDep ROOT has-symbols@1.1.0 OK for: get-intrinsic@1.3.0 want: ^1.1.0
284 silly placeDep ROOT hasown@2.0.2 OK for: get-intrinsic@1.3.0 want: ^2.0.2
285 silly placeDep ROOT math-intrinsics@1.1.0 OK for: get-intrinsic@1.3.0 want: ^1.1.0
286 silly fetch manifest dunder-proto@^1.0.1
287 http fetch GET 200 https://registry.npmjs.org/dunder-proto 44ms (cache miss)
288 timing idealTree:node_modules/get-intrinsic Completed in 57ms
289 timing idealTree:node_modules/es-define-property Completed in 0ms
290 timing idealTree:node_modules/es-object-atoms Completed in 0ms
291 silly placeDep ROOT dunder-proto@1.0.1 OK for: get-proto@1.0.1 want: ^1.0.1
292 timing idealTree:node_modules/get-proto Completed in 6ms
293 timing idealTree:node_modules/dunder-proto Completed in 0ms
294 timing idealTree:node_modules/gopd Completed in 0ms
295 timing idealTree:node_modules/has-symbols Completed in 0ms
296 timing idealTree:node_modules/hasown Completed in 0ms
297 timing idealTree:node_modules/math-intrinsics Completed in 0ms
298 timing idealTree:node_modules/side-channel-weakmap Completed in 0ms
299 timing idealTree:node_modules/statuses Completed in 0ms
300 timing idealTree:node_modules/toidentifier Completed in 0ms
301 silly placeDep ROOT media-typer@1.1.0 OK for: type-is@2.0.1 want: ^1.1.0
302 timing idealTree:node_modules/type-is Completed in 7ms
303 timing idealTree:node_modules/media-typer Completed in 0ms
304 timing idealTree:node_modules/unpipe Completed in 0ms
305 timing idealTree:node_modules/vary Completed in 0ms
306 timing idealTree:node_modules/wrappy Completed in 0ms
307 timing idealTree:node_modules/http-errors/node_modules/statuses Completed in 0ms
308 timing idealTree:buildDeps Completed in 1594ms
309 timing idealTree:fixDepFlags Completed in 6ms
310 timing idealTree Completed in 1651ms
311 timing reify:loadTrees Completed in 1655ms
312 timing reify:diffTrees Completed in 7ms
313 silly reify moves {}
314 timing reify:retireShallow Completed in 3ms
315 timing reify:createSparse Completed in 19ms
316 timing reify:loadBundles Completed in 0ms
317 silly tarball no local data for content-type@https://registry.npmjs.org/content-type/-/content-type-1.0.5.tgz. Extracting by manifest.
318 silly tarball no local data for content-disposition@https://registry.npmjs.org/content-disposition/-/content-disposition-1.0.0.tgz. Extracting by manifest.
319 silly tarball no local data for body-parser@https://registry.npmjs.org/body-parser/-/body-parser-2.2.0.tgz. Extracting by manifest.
320 silly tarball no local data for media-typer@https://registry.npmjs.org/media-typer/-/media-typer-1.1.0.tgz. Extracting by manifest.
321 silly tarball no local data for dunder-proto@https://registry.npmjs.org/dunder-proto/-/dunder-proto-1.0.1.tgz. Extracting by manifest.
322 silly tarball no local data for math-intrinsics@https://registry.npmjs.org/math-intrinsics/-/math-intrinsics-1.1.0.tgz. Extracting by manifest.
323 silly tarball no local data for hasown@https://registry.npmjs.org/hasown/-/hasown-2.0.2.tgz. Extracting by manifest.
324 silly tarball no local data for has-symbols@https://registry.npmjs.org/has-symbols/-/has-symbols-1.1.0.tgz. Extracting by manifest.
325 silly tarball no local data for gopd@https://registry.npmjs.org/gopd/-/gopd-1.2.0.tgz. Extracting by manifest.
326 silly tarball no local data for get-proto@https://registry.npmjs.org/get-proto/-/get-proto-1.0.1.tgz. Extracting by manifest.
327 silly tarball no local data for es-object-atoms@https://registry.npmjs.org/es-object-atoms/-/es-object-atoms-1.1.1.tgz. Extracting by manifest.
328 silly tarball no local data for es-define-property@https://registry.npmjs.org/es-define-property/-/es-define-property-1.0.1.tgz. Extracting by manifest.
329 silly tarball no local data for function-bind@https://registry.npmjs.org/function-bind/-/function-bind-1.1.2.tgz. Extracting by manifest.
330 silly tarball no local data for call-bind-apply-helpers@https://registry.npmjs.org/call-bind-apply-helpers/-/call-bind-apply-helpers-1.0.2.tgz. Extracting by manifest.
331 silly tarball no local data for get-intrinsic@https://registry.npmjs.org/get-intrinsic/-/get-intrinsic-1.3.0.tgz. Extracting by manifest.
332 silly tarball no local data for call-bound@https://registry.npmjs.org/call-bound/-/call-bound-1.0.4.tgz. Extracting by manifest.
333 silly tarball no local data for side-channel-weakmap@https://registry.npmjs.org/side-channel-weakmap/-/side-channel-weakmap-1.0.2.tgz. Extracting by manifest.
334 silly tarball no local data for side-channel-map@https://registry.npmjs.org/side-channel-map/-/side-channel-map-1.0.1.tgz. Extracting by manifest.
335 silly tarball no local data for side-channel-list@https://registry.npmjs.org/side-channel-list/-/side-channel-list-1.0.0.tgz. Extracting by manifest.
336 silly tarball no local data for object-inspect@https://registry.npmjs.org/object-inspect/-/object-inspect-1.13.4.tgz. Extracting by manifest.
337 silly tarball no local data for es-errors@https://registry.npmjs.org/es-errors/-/es-errors-1.3.0.tgz. Extracting by manifest.
338 silly tarball no local data for path-to-regexp@https://registry.npmjs.org/path-to-regexp/-/path-to-regexp-8.2.0.tgz. Extracting by manifest.
339 silly tarball no local data for is-promise@https://registry.npmjs.org/is-promise/-/is-promise-4.0.0.tgz. Extracting by manifest.
340 silly tarball no local data for unpipe@https://registry.npmjs.org/unpipe/-/unpipe-1.0.0.tgz. Extracting by manifest.
341 silly tarball no local data for side-channel@https://registry.npmjs.org/side-channel/-/side-channel-1.1.0.tgz. Extracting by manifest.
342 silly tarball no local data for ipaddr.js@https://registry.npmjs.org/ipaddr.js/-/ipaddr.js-1.9.1.tgz. Extracting by manifest.
343 silly tarball no local data for forwarded@https://registry.npmjs.org/forwarded/-/forwarded-0.2.0.tgz. Extracting by manifest.
344 silly tarball no local data for wrappy@https://registry.npmjs.org/wrappy/-/wrappy-1.0.2.tgz. Extracting by manifest.
345 silly tarball no local data for ee-first@https://registry.npmjs.org/ee-first/-/ee-first-1.1.1.tgz. Extracting by manifest.
346 silly tarball no local data for mime-db@https://registry.npmjs.org/mime-db/-/mime-db-1.54.0.tgz. Extracting by manifest.
347 silly tarball no local data for safer-buffer@https://registry.npmjs.org/safer-buffer/-/safer-buffer-2.1.2.tgz. Extracting by manifest.
348 silly tarball no local data for toidentifier@https://registry.npmjs.org/toidentifier/-/toidentifier-1.0.1.tgz. Extracting by manifest.
349 silly tarball no local data for setprototypeof@https://registry.npmjs.org/setprototypeof/-/setprototypeof-1.2.0.tgz. Extracting by manifest.
350 silly tarball no local data for inherits@https://registry.npmjs.org/inherits/-/inherits-2.0.4.tgz. Extracting by manifest.
351 silly tarball no local data for depd@https://registry.npmjs.org/depd/-/depd-2.0.0.tgz. Extracting by manifest.
352 silly tarball no local data for ms@https://registry.npmjs.org/ms/-/ms-2.1.3.tgz. Extracting by manifest.
353 silly tarball no local data for safe-buffer@https://registry.npmjs.org/safe-buffer/-/safe-buffer-5.2.1.tgz. Extracting by manifest.
354 silly tarball no local data for raw-body@https://registry.npmjs.org/raw-body/-/raw-body-3.0.0.tgz. Extracting by manifest.
355 silly tarball no local data for iconv-lite@https://registry.npmjs.org/iconv-lite/-/iconv-lite-0.6.3.tgz. Extracting by manifest.
356 silly tarball no local data for bytes@https://registry.npmjs.org/bytes/-/bytes-3.1.2.tgz. Extracting by manifest.
357 silly tarball no local data for negotiator@https://registry.npmjs.org/negotiator/-/negotiator-1.0.0.tgz. Extracting by manifest.
358 silly tarball no local data for vary@https://registry.npmjs.org/vary/-/vary-1.1.2.tgz. Extracting by manifest.
359 silly tarball no local data for type-is@https://registry.npmjs.org/type-is/-/type-is-2.0.1.tgz. Extracting by manifest.
360 silly tarball no local data for statuses@https://registry.npmjs.org/statuses/-/statuses-2.0.2.tgz. Extracting by manifest.
361 silly tarball no local data for serve-static@https://registry.npmjs.org/serve-static/-/serve-static-2.2.0.tgz. Extracting by manifest.
362 silly tarball no local data for send@https://registry.npmjs.org/send/-/send-1.2.0.tgz. Extracting by manifest.
363 silly tarball no local data for router@https://registry.npmjs.org/router/-/router-2.2.0.tgz. Extracting by manifest.
364 silly tarball no local data for range-parser@https://registry.npmjs.org/range-parser/-/range-parser-1.2.1.tgz. Extracting by manifest.
365 silly tarball no local data for qs@https://registry.npmjs.org/qs/-/qs-6.14.0.tgz. Extracting by manifest.
366 silly tarball no local data for proxy-addr@https://registry.npmjs.org/proxy-addr/-/proxy-addr-2.0.7.tgz. Extracting by manifest.
367 silly tarball no local data for parseurl@https://registry.npmjs.org/parseurl/-/parseurl-1.3.3.tgz. Extracting by manifest.
368 silly tarball no local data for once@https://registry.npmjs.org/once/-/once-1.4.0.tgz. Extracting by manifest.
369 silly tarball no local data for on-finished@https://registry.npmjs.org/on-finished/-/on-finished-2.4.1.tgz. Extracting by manifest.
370 silly tarball no local data for mime-types@https://registry.npmjs.org/mime-types/-/mime-types-3.0.1.tgz. Extracting by manifest.
371 silly tarball no local data for merge-descriptors@https://registry.npmjs.org/merge-descriptors/-/merge-descriptors-2.0.0.tgz. Extracting by manifest.
372 silly tarball no local data for http-errors@https://registry.npmjs.org/http-errors/-/http-errors-2.0.0.tgz. Extracting by manifest.
373 silly tarball no local data for fresh@https://registry.npmjs.org/fresh/-/fresh-2.0.0.tgz. Extracting by manifest.
374 silly tarball no local data for finalhandler@https://registry.npmjs.org/finalhandler/-/finalhandler-2.1.0.tgz. Extracting by manifest.
375 silly tarball no local data for etag@https://registry.npmjs.org/etag/-/etag-1.8.1.tgz. Extracting by manifest.
376 silly tarball no local data for escape-html@https://registry.npmjs.org/escape-html/-/escape-html-1.0.3.tgz. Extracting by manifest.
377 silly tarball no local data for encodeurl@https://registry.npmjs.org/encodeurl/-/encodeurl-2.0.0.tgz. Extracting by manifest.
378 silly tarball no local data for debug@https://registry.npmjs.org/debug/-/debug-4.4.1.tgz. Extracting by manifest.
379 silly tarball no local data for cookie-signature@https://registry.npmjs.org/cookie-signature/-/cookie-signature-1.2.2.tgz. Extracting by manifest.
380 silly tarball no local data for cookie@https://registry.npmjs.org/cookie/-/cookie-0.7.2.tgz. Extracting by manifest.
381 silly tarball no local data for statuses@https://registry.npmjs.org/statuses/-/statuses-2.0.1.tgz. Extracting by manifest.
382 silly tarball no local data for accepts@https://registry.npmjs.org/accepts/-/accepts-2.0.0.tgz. Extracting by manifest.
383 silly tarball no local data for express@https://registry.npmjs.org/express/-/express-5.1.0.tgz. Extracting by manifest.
384 http fetch GET 200 https://registry.npmjs.org/safe-buffer/-/safe-buffer-5.2.1.tgz 1183ms (cache miss)
385 timing reifyNode:node_modules/safe-buffer Completed in 1476ms
386 http fetch GET 200 https://registry.npmjs.org/media-typer/-/media-typer-1.1.0.tgz 1385ms (cache miss)
387 timing reifyNode:node_modules/media-typer Completed in 1493ms
388 http fetch GET 200 https://registry.npmjs.org/toidentifier/-/toidentifier-1.0.1.tgz 1247ms (cache miss)
389 timing reifyNode:node_modules/toidentifier Completed in 1498ms
390 http fetch GET 200 https://registry.npmjs.org/inherits/-/inherits-2.0.4.tgz 1243ms (cache miss)
391 timing reifyNode:node_modules/inherits Completed in 1498ms
392 http fetch GET 200 https://registry.npmjs.org/forwarded/-/forwarded-0.2.0.tgz 1273ms (cache miss)
393 timing reifyNode:node_modules/forwarded Completed in 1505ms
394 http fetch GET 200 https://registry.npmjs.org/merge-descriptors/-/merge-descriptors-2.0.0.tgz 1171ms (cache miss)
395 timing reifyNode:node_modules/merge-descriptors Completed in 1505ms
396 http fetch GET 200 https://registry.npmjs.org/content-disposition/-/content-disposition-1.0.0.tgz 1414ms (cache miss)
397 timing reifyNode:node_modules/content-disposition Completed in 1503ms
398 http fetch GET 200 https://registry.npmjs.org/unpipe/-/unpipe-1.0.0.tgz 1300ms (cache miss)
399 timing reifyNode:node_modules/unpipe Completed in 1522ms
400 http fetch GET 200 https://registry.npmjs.org/on-finished/-/on-finished-2.4.1.tgz 1207ms (cache miss)
401 timing reifyNode:node_modules/on-finished Completed in 1533ms
402 http fetch GET 200 https://registry.npmjs.org/call-bound/-/call-bound-1.0.4.tgz 1393ms (cache miss)
403 http fetch GET 200 https://registry.npmjs.org/is-promise/-/is-promise-4.0.0.tgz 1321ms (cache miss)
404 timing reifyNode:node_modules/is-promise Completed in 1539ms
405 http fetch GET 200 https://registry.npmjs.org/ee-first/-/ee-first-1.1.1.tgz 1304ms (cache miss)
406 timing reifyNode:node_modules/ee-first Completed in 1543ms
407 http fetch GET 200 https://registry.npmjs.org/setprototypeof/-/setprototypeof-1.2.0.tgz 1292ms (cache miss)
408 timing reifyNode:node_modules/setprototypeof Completed in 1545ms
409 http fetch GET 200 https://registry.npmjs.org/once/-/once-1.4.0.tgz 1226ms (cache miss)
410 timing reifyNode:node_modules/once Completed in 1545ms
411 http fetch GET 200 https://registry.npmjs.org/wrappy/-/wrappy-1.0.2.tgz 1312ms (cache miss)
412 timing reifyNode:node_modules/wrappy Completed in 1547ms
413 http fetch GET 200 https://registry.npmjs.org/type-is/-/type-is-2.0.1.tgz 1262ms (cache miss)
414 timing reifyNode:node_modules/type-is Completed in 1547ms
415 http fetch GET 200 https://registry.npmjs.org/content-type/-/content-type-1.0.5.tgz 1469ms (cache miss)
416 timing reifyNode:node_modules/content-type Completed in 1555ms
417 http fetch GET 200 https://registry.npmjs.org/hasown/-/hasown-2.0.2.tgz 1449ms (cache miss)
418 http fetch GET 200 https://registry.npmjs.org/es-define-property/-/es-define-property-1.0.1.tgz 1428ms (cache miss)
419 http fetch GET 200 https://registry.npmjs.org/get-intrinsic/-/get-intrinsic-1.3.0.tgz 1417ms (cache miss)
420 http fetch GET 200 https://registry.npmjs.org/finalhandler/-/finalhandler-2.1.0.tgz 1226ms (cache miss)
421 timing reifyNode:node_modules/finalhandler Completed in 1572ms
422 http fetch GET 200 https://registry.npmjs.org/serve-static/-/serve-static-2.2.0.tgz 1282ms (cache miss)
423 timing reifyNode:node_modules/serve-static Completed in 1577ms
424 http fetch GET 200 https://registry.npmjs.org/etag/-/etag-1.8.1.tgz 1209ms (cache miss)
425 timing reifyNode:node_modules/etag Completed in 1575ms
426 timing reifyNode:node_modules/hasown Completed in 1583ms
427 http fetch GET 200 https://registry.npmjs.org/negotiator/-/negotiator-1.0.0.tgz 1303ms (cache miss)
428 http fetch GET 200 https://registry.npmjs.org/http-errors/-/http-errors-2.0.0.tgz 1252ms (cache miss)
429 timing reifyNode:node_modules/http-errors Completed in 1587ms
430 http fetch GET 200 https://registry.npmjs.org/fresh/-/fresh-2.0.0.tgz 1248ms (cache miss)
431 timing reifyNode:node_modules/fresh Completed in 1586ms
432 http fetch GET 200 https://registry.npmjs.org/ms/-/ms-2.1.3.tgz 1331ms (cache miss)
433 timing reifyNode:node_modules/ms Completed in 1595ms
434 http fetch GET 200 https://registry.npmjs.org/encodeurl/-/encodeurl-2.0.0.tgz 1193ms (cache miss)
435 timing reifyNode:node_modules/encodeurl Completed in 1591ms
436 http fetch GET 200 https://registry.npmjs.org/parseurl/-/parseurl-1.3.3.tgz 1276ms (cache miss)
437 timing reifyNode:node_modules/parseurl Completed in 1595ms
438 http fetch GET 200 https://registry.npmjs.org/accepts/-/accepts-2.0.0.tgz 1169ms (cache miss)
439 timing reifyNode:node_modules/accepts Completed in 1593ms
440 http fetch GET 200 https://registry.npmjs.org/vary/-/vary-1.1.2.tgz 1317ms (cache miss)
441 timing reifyNode:node_modules/vary Completed in 1597ms
442 http fetch GET 200 https://registry.npmjs.org/escape-html/-/escape-html-1.0.3.tgz 1211ms (cache miss)
443 timing reifyNode:node_modules/escape-html Completed in 1595ms
444 http fetch GET 200 https://registry.npmjs.org/bytes/-/bytes-3.1.2.tgz 1325ms (cache miss)
445 timing reifyNode:node_modules/bytes Completed in 1601ms
446 http fetch GET 200 https://registry.npmjs.org/get-proto/-/get-proto-1.0.1.tgz 1480ms (cache miss)
447 timing reifyNode:node_modules/call-bound Completed in 1609ms
448 http fetch GET 200 https://registry.npmjs.org/side-channel-weakmap/-/side-channel-weakmap-1.0.2.tgz 1451ms (cache miss)
449 http fetch GET 200 https://registry.npmjs.org/gopd/-/gopd-1.2.0.tgz 1492ms (cache miss)
450 timing reifyNode:node_modules/es-define-property Completed in 1615ms
451 timing reifyNode:node_modules/get-intrinsic Completed in 1621ms
452 http fetch GET 200 https://registry.npmjs.org/cookie-signature/-/cookie-signature-1.2.2.tgz 1203ms (cache miss)
453 timing reifyNode:node_modules/cookie-signature Completed in 1615ms
454 http fetch GET 200 https://registry.npmjs.org/mime-types/-/mime-types-3.0.1.tgz 1286ms (cache miss)
455 timing reifyNode:node_modules/mime-types Completed in 1619ms
456 http fetch GET 200 https://registry.npmjs.org/cookie/-/cookie-0.7.2.tgz 1207ms (cache miss)
457 timing reifyNode:node_modules/cookie Completed in 1621ms
458 http fetch GET 200 https://registry.npmjs.org/statuses/-/statuses-2.0.1.tgz 1199ms (cache miss)
459 timing reifyNode:node_modules/http-errors/node_modules/statuses Completed in 1621ms
460 timing reifyNode:node_modules/negotiator Completed in 1625ms
461 http fetch GET 200 https://registry.npmjs.org/statuses/-/statuses-2.0.2.tgz 1337ms (cache miss)
462 timing reifyNode:node_modules/statuses Completed in 1625ms
463 http fetch GET 200 https://registry.npmjs.org/range-parser/-/range-parser-1.2.1.tgz 1319ms (cache miss)
464 timing reifyNode:node_modules/range-parser Completed in 1625ms
465 http fetch GET 200 https://registry.npmjs.org/send/-/send-1.2.0.tgz 1332ms (cache miss)
466 timing reifyNode:node_modules/send Completed in 1632ms
467 http fetch GET 200 https://registry.npmjs.org/side-channel-map/-/side-channel-map-1.0.1.tgz 1460ms (cache miss)
468 timing reifyNode:node_modules/side-channel-map Completed in 1640ms
469 http fetch GET 200 https://registry.npmjs.org/proxy-addr/-/proxy-addr-2.0.7.tgz 1323ms (cache miss)
470 timing reifyNode:node_modules/proxy-addr Completed in 1638ms
471 timing reifyNode:node_modules/get-proto Completed in 1643ms
472 timing reifyNode:node_modules/side-channel-weakmap Completed in 1642ms
473 http fetch GET 200 https://registry.npmjs.org/depd/-/depd-2.0.0.tgz 1383ms (cache miss)
474 timing reifyNode:node_modules/depd Completed in 1642ms
475 http fetch GET 200 https://registry.npmjs.org/es-object-atoms/-/es-object-atoms-1.1.1.tgz 1516ms (cache miss)
476 http fetch GET 200 https://registry.npmjs.org/side-channel-list/-/side-channel-list-1.0.0.tgz 1449ms (cache miss)
477 http fetch GET 200 https://registry.npmjs.org/has-symbols/-/has-symbols-1.1.0.tgz 1529ms (cache miss)
478 timing reifyNode:node_modules/gopd Completed in 1653ms
479 http fetch GET 200 https://registry.npmjs.org/safer-buffer/-/safer-buffer-2.1.2.tgz 1406ms (cache miss)
480 timing reifyNode:node_modules/safer-buffer Completed in 1653ms
481 http fetch GET 200 https://registry.npmjs.org/raw-body/-/raw-body-3.0.0.tgz 1385ms (cache miss)
482 timing reifyNode:node_modules/raw-body Completed in 1655ms
483 http fetch GET 200 https://registry.npmjs.org/side-channel/-/side-channel-1.1.0.tgz 1436ms (cache miss)
484 timing reifyNode:node_modules/side-channel Completed in 1660ms
485 http fetch GET 200 https://registry.npmjs.org/ipaddr.js/-/ipaddr.js-1.9.1.tgz 1434ms (cache miss)
486 timing reifyNode:node_modules/ipaddr.js Completed in 1660ms
487 timing reifyNode:node_modules/es-object-atoms Completed in 1666ms
488 timing reifyNode:node_modules/side-channel-list Completed in 1668ms
489 http fetch GET 200 https://registry.npmjs.org/path-to-regexp/-/path-to-regexp-8.2.0.tgz 1450ms (cache miss)
490 timing reifyNode:node_modules/path-to-regexp Completed in 1666ms
491 http fetch GET 200 https://registry.npmjs.org/function-bind/-/function-bind-1.1.2.tgz 1532ms (cache miss)
492 timing reifyNode:node_modules/function-bind Completed in 1670ms
493 timing reifyNode:node_modules/has-symbols Completed in 1677ms
494 http fetch GET 200 https://registry.npmjs.org/call-bind-apply-helpers/-/call-bind-apply-helpers-1.0.2.tgz 1537ms (cache miss)
495 http fetch GET 200 https://registry.npmjs.org/dunder-proto/-/dunder-proto-1.0.1.tgz 1573ms (cache miss)
496 timing reifyNode:node_modules/dunder-proto Completed in 1681ms
497 http fetch GET 200 https://registry.npmjs.org/es-errors/-/es-errors-1.3.0.tgz 1465ms (cache miss)
498 http fetch GET 200 https://registry.npmjs.org/router/-/router-2.2.0.tgz 1377ms (cache miss)
499 timing reifyNode:node_modules/router Completed in 1680ms
500 http fetch GET 200 https://registry.npmjs.org/mime-db/-/mime-db-1.54.0.tgz 1443ms (cache miss)
501 timing reifyNode:node_modules/mime-db Completed in 1687ms
502 timing reifyNode:node_modules/call-bind-apply-helpers Completed in 1689ms
503 timing reifyNode:node_modules/es-errors Completed in 1689ms
504 http fetch GET 200 https://registry.npmjs.org/debug/-/debug-4.4.1.tgz 1286ms (cache miss)
505 timing reifyNode:node_modules/debug Completed in 1693ms
506 http fetch GET 200 https://registry.npmjs.org/body-parser/-/body-parser-2.2.0.tgz 1620ms (cache miss)
507 timing reifyNode:node_modules/body-parser Completed in 1715ms
508 http fetch GET 200 https://registry.npmjs.org/math-intrinsics/-/math-intrinsics-1.1.0.tgz 1614ms (cache miss)
509 timing reifyNode:node_modules/math-intrinsics Completed in 1731ms
510 http fetch GET 200 https://registry.npmjs.org/express/-/express-5.1.0.tgz 1300ms (cache miss)
511 timing reifyNode:node_modules/express Completed in 1728ms
512 http fetch GET 200 https://registry.npmjs.org/qs/-/qs-6.14.0.tgz 1419ms (cache miss)
513 timing reifyNode:node_modules/qs Completed in 1732ms
514 http fetch GET 200 https://registry.npmjs.org/object-inspect/-/object-inspect-1.13.4.tgz 1530ms (cache miss)
515 timing reifyNode:node_modules/object-inspect Completed in 1740ms
516 http fetch GET 200 https://registry.npmjs.org/iconv-lite/-/iconv-lite-0.6.3.tgz 1497ms (cache miss)
517 timing reifyNode:node_modules/iconv-lite Completed in 1770ms
518 timing reify:unpack Completed in 1778ms
519 timing reify:unretire Completed in 0ms
520 timing build:queue Completed in 4ms
521 timing build:deps Completed in 6ms
522 timing build Completed in 7ms
523 timing reify:build Completed in 11ms
524 timing reify:trash Completed in 0ms
525 timing reify:save Completed in 45ms
526 timing reify Completed in 3567ms
527 silly ADD node_modules/media-typer
528 silly ADD node_modules/dunder-proto
529 silly ADD node_modules/math-intrinsics
530 silly ADD node_modules/hasown
531 silly ADD node_modules/has-symbols
532 silly ADD node_modules/gopd
533 silly ADD node_modules/get-proto
534 silly ADD node_modules/es-object-atoms
535 silly ADD node_modules/es-define-property
536 silly ADD node_modules/function-bind
537 silly ADD node_modules/call-bind-apply-helpers
538 silly ADD node_modules/get-intrinsic
539 silly ADD node_modules/call-bound
540 silly ADD node_modules/side-channel-weakmap
541 silly ADD node_modules/side-channel-map
542 silly ADD node_modules/side-channel-list
543 silly ADD node_modules/object-inspect
544 silly ADD node_modules/es-errors
545 silly ADD node_modules/path-to-regexp
546 silly ADD node_modules/is-promise
547 silly ADD node_modules/unpipe
548 silly ADD node_modules/side-channel
549 silly ADD node_modules/ipaddr.js
550 silly ADD node_modules/forwarded
551 silly ADD node_modules/wrappy
552 silly ADD node_modules/ee-first
553 silly ADD node_modules/mime-db
554 silly ADD node_modules/safer-buffer
555 silly ADD node_modules/toidentifier
556 silly ADD node_modules/setprototypeof
557 silly ADD node_modules/inherits
558 silly ADD node_modules/depd
559 silly ADD node_modules/ms
560 silly ADD node_modules/safe-buffer
561 silly ADD node_modules/raw-body
562 silly ADD node_modules/iconv-lite
563 silly ADD node_modules/bytes
564 silly ADD node_modules/negotiator
565 silly ADD node_modules/vary
566 silly ADD node_modules/type-is
567 silly ADD node_modules/statuses
568 silly ADD node_modules/serve-static
569 silly ADD node_modules/send
570 silly ADD node_modules/router
571 silly ADD node_modules/range-parser
572 silly ADD node_modules/qs
573 silly ADD node_modules/proxy-addr
574 silly ADD node_modules/parseurl
575 silly ADD node_modules/once
576 silly ADD node_modules/on-finished
577 silly ADD node_modules/mime-types
578 silly ADD node_modules/merge-descriptors
579 silly ADD node_modules/http-errors
580 silly ADD node_modules/http-errors/node_modules/statuses
581 silly ADD node_modules/fresh
582 silly ADD node_modules/finalhandler
583 silly ADD node_modules/etag
584 silly ADD node_modules/escape-html
585 silly ADD node_modules/encodeurl
586 silly ADD node_modules/debug
587 silly ADD node_modules/cookie-signature
588 silly ADD node_modules/cookie
589 silly ADD node_modules/content-type
590 silly ADD node_modules/content-disposition
591 silly ADD node_modules/body-parser
592 silly ADD node_modules/accepts
593 silly ADD node_modules/express
594 timing command:install Completed in 3585ms
595 verbose exit 0
596 timing npm Completed in 3689ms
597 info ok
